<?xml version="1.0" encoding="UTF-8"?>
<testsuite name="Comprar un producto" tests="1" skipped="0" failures="0" errors="0" timestamp="2023-04-02T02:14:28" hostname="DESKTOP-1MH7BUO" time="55.718">
  <properties/>
  <testcase name="compra de un producto de menor valor" classname="Comprar un producto" time="55.718"/>
  <system-out><![CDATA[[log] CLICK on L[561,190]@S(0) (563 msec)
[log]  TYPE "atun"
[log] CLICK on L[1215,187]@S(0) (562 msec)
[log] CLICK on L[1296,437]@S(0) (565 msec)
[log] CLICK on L[413,83]@S(0) (564 msec)
[log] CLICK on L[1830,94]@S(0) (555 msec)
[log] CLICK on L[577,438]@S(0) (566 msec)
[log] CLICK on L[1830,94]@S(0) (565 msec)
[log] CLICK on L[1636,506]@S(0) (547 msec)
[log] CLICK on L[1558,655]@S(0) (562 msec)
[log] CLICK on L[1296,414]@S(0) (560 msec)
6.82
body > div:nth-child(2) > div:nth-child(1) > div:nth-child(1) > div:nth-child(1) > div:nth-child(3) > div:nth-child(1) > div:nth-child(10) > section:nth-child(1) > div:nth-child(2) > div:nth-child(1) > div:nth-child(4) > div:nth-child(1) > div:nth-child(2) > div:nth-child(1) > div:nth-child(1) > div:nth-child(6) > div:nth-child(1) > div:nth-child(1) > div:nth-child(2) > div:nth-child("+String.valueOf(i)+") > section:nth-child(1) > a:nth-child(1) > article:nth-child(1) > div:nth-child(3) > div:nth-child(2) > div:nth-child(1) > div:nth-child(1) > div:nth-child(1) > div:nth-child(1) > div:nth-child(1) > div:nth-child(1) > div:nth-child(4) > div:nth-child(3) > div:nth-child(1) > span:nth-child(1)
5.58
5.58
body > div:nth-child(2) > div:nth-child(1) > div:nth-child(1) > div:nth-child(1) > div:nth-child(3) > div:nth-child(1) > div:nth-child(10) > section:nth-child(1) > div:nth-child(2) > div:nth-child(1) > div:nth-child(4) > div:nth-child(1) > div:nth-child(2) > div:nth-child(1) > div:nth-child(1) > div:nth-child(6) > div:nth-child(1) > div:nth-child(1) > div:nth-child(2) > div:nth-child("+String.valueOf(i)+") > section:nth-child(1) > a:nth-child(1) > article:nth-child(1) > div:nth-child(3) > div:nth-child(2) > div:nth-child(1) > div:nth-child(1) > div:nth-child(1) > div:nth-child(1) > div:nth-child(1) > div:nth-child(1) > div:nth-child(4) > div:nth-child(3) > div:nth-child(1) > span:nth-child(1)
5.58
14.8
body > div:nth-child(2) > div:nth-child(1) > div:nth-child(1) > div:nth-child(1) > div:nth-child(3) > div:nth-child(1) > div:nth-child(10) > section:nth-child(1) > div:nth-child(2) > div:nth-child(1) > div:nth-child(4) > div:nth-child(1) > div:nth-child(2) > div:nth-child(1) > div:nth-child(1) > div:nth-child(6) > div:nth-child(1) > div:nth-child(1) > div:nth-child(2) > div:nth-child("+String.valueOf(i)+") > section:nth-child(1) > a:nth-child(1) > article:nth-child(1) > div:nth-child(3) > div:nth-child(2) > div:nth-child(1) > div:nth-child(1) > div:nth-child(1) > div:nth-child(1) > div:nth-child(1) > div:nth-child(1) > div:nth-child(4) > div:nth-child(3) > div:nth-child(1) > span:nth-child(1)
5.58
6.55
body > div:nth-child(2) > div:nth-child(1) > div:nth-child(1) > div:nth-child(1) > div:nth-child(3) > div:nth-child(1) > div:nth-child(10) > section:nth-child(1) > div:nth-child(2) > div:nth-child(1) > div:nth-child(4) > div:nth-child(1) > div:nth-child(2) > div:nth-child(1) > div:nth-child(1) > div:nth-child(6) > div:nth-child(1) > div:nth-child(1) > div:nth-child(2) > div:nth-child("+String.valueOf(i)+") > section:nth-child(1) > a:nth-child(1) > article:nth-child(1) > div:nth-child(3) > div:nth-child(2) > div:nth-child(1) > div:nth-child(1) > div:nth-child(1) > div:nth-child(1) > div:nth-child(1) > div:nth-child(1) > div:nth-child(4) > div:nth-child(3) > div:nth-child(1) > span:nth-child(1)
5.58
12.25
body > div:nth-child(2) > div:nth-child(1) > div:nth-child(1) > div:nth-child(1) > div:nth-child(3) > div:nth-child(1) > div:nth-child(10) > section:nth-child(1) > div:nth-child(2) > div:nth-child(1) > div:nth-child(4) > div:nth-child(1) > div:nth-child(2) > div:nth-child(1) > div:nth-child(1) > div:nth-child(6) > div:nth-child(1) > div:nth-child(1) > div:nth-child(2) > div:nth-child("+String.valueOf(i)+") > section:nth-child(1) > a:nth-child(1) > article:nth-child(1) > div:nth-child(3) > div:nth-child(2) > div:nth-child(1) > div:nth-child(1) > div:nth-child(1) > div:nth-child(1) > div:nth-child(1) > div:nth-child(1) > div:nth-child(4) > div:nth-child(3) > div:nth-child(1) > span:nth-child(1)
5.58
5.86
body > div:nth-child(2) > div:nth-child(1) > div:nth-child(1) > div:nth-child(1) > div:nth-child(3) > div:nth-child(1) > div:nth-child(10) > section:nth-child(1) > div:nth-child(2) > div:nth-child(1) > div:nth-child(4) > div:nth-child(1) > div:nth-child(2) > div:nth-child(1) > div:nth-child(1) > div:nth-child(6) > div:nth-child(1) > div:nth-child(1) > div:nth-child(2) > div:nth-child("+String.valueOf(i)+") > section:nth-child(1) > a:nth-child(1) > article:nth-child(1) > div:nth-child(3) > div:nth-child(2) > div:nth-child(1) > div:nth-child(1) > div:nth-child(1) > div:nth-child(1) > div:nth-child(1) > div:nth-child(1) > div:nth-child(4) > div:nth-child(3) > div:nth-child(1) > span:nth-child(1)
5.58
5.58
body > div:nth-child(2) > div:nth-child(1) > div:nth-child(1) > div:nth-child(1) > div:nth-child(3) > div:nth-child(1) > div:nth-child(10) > section:nth-child(1) > div:nth-child(2) > div:nth-child(1) > div:nth-child(4) > div:nth-child(1) > div:nth-child(2) > div:nth-child(1) > div:nth-child(1) > div:nth-child(6) > div:nth-child(1) > div:nth-child(1) > div:nth-child(2) > div:nth-child("+String.valueOf(i)+") > section:nth-child(1) > a:nth-child(1) > article:nth-child(1) > div:nth-child(3) > div:nth-child(2) > div:nth-child(1) > div:nth-child(1) > div:nth-child(1) > div:nth-child(1) > div:nth-child(1) > div:nth-child(1) > div:nth-child(4) > div:nth-child(3) > div:nth-child(1) > span:nth-child(1)
5.58
15.3
body > div:nth-child(2) > div:nth-child(1) > div:nth-child(1) > div:nth-child(1) > div:nth-child(3) > div:nth-child(1) > div:nth-child(10) > section:nth-child(1) > div:nth-child(2) > div:nth-child(1) > div:nth-child(4) > div:nth-child(1) > div:nth-child(2) > div:nth-child(1) > div:nth-child(1) > div:nth-child(6) > div:nth-child(1) > div:nth-child(1) > div:nth-child(2) > div:nth-child("+String.valueOf(i)+") > section:nth-child(1) > a:nth-child(1) > article:nth-child(1) > div:nth-child(3) > div:nth-child(2) > div:nth-child(1) > div:nth-child(1) > div:nth-child(1) > div:nth-child(1) > div:nth-child(1) > div:nth-child(1) > div:nth-child(4) > div:nth-child(3) > div:nth-child(1) > span:nth-child(1)
5.58
]]></system-out>
  <system-err><![CDATA[Starting ChromeDriver 111.0.5563.64 (c710e93d5b63b7095afe8c2c17df34408078439d-refs/branch-heads/5563@{#995}) on port 9521
Only local connections are allowed.
Please see https://chromedriver.chromium.org/security-considerations for suggestions on keeping ChromeDriver safe.
ChromeDriver was started successfully.
abr. 01, 2023 9:14:30 P. M. org.openqa.selenium.remote.ProtocolHandshake createSession
INFORMACIÓN: Detected dialect: W3C
abr. 01, 2023 9:14:30 P. M. org.openqa.selenium.remote.DesiredCapabilities chrome
INFORMACIÓN: Using `new ChromeOptions()` is preferred to `DesiredCapabilities.chrome()`
Starting ChromeDriver 111.0.5563.64 (c710e93d5b63b7095afe8c2c17df34408078439d-refs/branch-heads/5563@{#995}) on port 18464
Only local connections are allowed.
Please see https://chromedriver.chromium.org/security-considerations for suggestions on keeping ChromeDriver safe.
ChromeDriver was started successfully.
abr. 01, 2023 9:14:31 P. M. org.openqa.selenium.remote.ProtocolHandshake createSession
INFORMACIÓN: Detected dialect: W3C
abr. 01, 2023 9:15:23 P. M. com.sofkau.stepdefinitions.ProductoStepDefinition navegaHastaSeleccionarUnaYUnDeMenorCosto
ADVERTENCIA: no such element: Unable to locate element: {"method":"css selector","selector":"body > div:nth-child(2) > div:nth-child(1) > div:nth-child(1) > div:nth-child(1) > div:nth-child(3) > div:nth-child(1) > div:nth-child(10) > section:nth-child(1) > div:nth-child(2) > div:nth-child(1) > div:nth-child(4) > div:nth-child(1) > div:nth-child(2) > div:nth-child(1) > div:nth-child(1) > div:nth-child(6) > div:nth-child(1) > div:nth-child(1) > div:nth-child(2) > div:nth-child(10) > section:nth-child(1) > a:nth-child(1) > article:nth-child(1) > div:nth-child(3) > div:nth-child(2) > div:nth-child(1) > div:nth-child(1) > div:nth-child(1) > div:nth-child(1) > div:nth-child(1) > div:nth-child(1) > div:nth-child(4) > div:nth-child(3) > div:nth-child(1) > span:nth-child(1)"}
  (Session info: chrome=111.0.5563.147)
For documentation on this error, please visit: https://www.seleniumhq.org/exceptions/no_such_element.html
Build info: version: '3.141.59', revision: 'e82be7d358', time: '2018-11-14T08:17:03'
System info: host: 'DESKTOP-1MH7BUO', ip: '192.168.0.4', os.name: 'Windows 10', os.arch: 'amd64', os.version: '10.0', java.version: '11.0.18'
Driver info: org.openqa.selenium.chrome.ChromeDriver
Capabilities {acceptInsecureCerts: false, browserName: chrome, browserVersion: 111.0.5563.147, chrome: {chromedriverVersion: 111.0.5563.64 (c710e93d5b63..., userDataDir: C:\Users\Rasta\AppData\Loca...}, goog:chromeOptions: {debuggerAddress: localhost:54868}, javascriptEnabled: true, networkConnectionEnabled: false, pageLoadStrategy: normal, platform: WINDOWS, platformName: WINDOWS, proxy: Proxy(), setWindowRect: true, strictFileInteractability: false, timeouts: {implicit: 0, pageLoad: 300000, script: 30000}, unhandledPromptBehavior: ignore, webauthn:extension:credBlob: true, webauthn:extension:largeBlob: true, webauthn:extension:minPinLength: true, webauthn:extension:prf: true, webauthn:virtualAuthenticators: true}
Session ID: b3e68ea108ba95884ed0b1901f58d33c
*** Element info: {Using=css selector, value=body > div:nth-child(2) > div:nth-child(1) > div:nth-child(1) > div:nth-child(1) > div:nth-child(3) > div:nth-child(1) > div:nth-child(10) > section:nth-child(1) > div:nth-child(2) > div:nth-child(1) > div:nth-child(4) > div:nth-child(1) > div:nth-child(2) > div:nth-child(1) > div:nth-child(1) > div:nth-child(6) > div:nth-child(1) > div:nth-child(1) > div:nth-child(2) > div:nth-child(10) > section:nth-child(1) > a:nth-child(1) > article:nth-child(1) > div:nth-child(3) > div:nth-child(2) > div:nth-child(1) > div:nth-child(1) > div:nth-child(1) > div:nth-child(1) > div:nth-child(1) > div:nth-child(1) > div:nth-child(4) > div:nth-child(3) > div:nth-child(1) > span:nth-child(1)}
]]></system-err>
</testsuite>
