<?xml version="1.0" encoding="UTF-8"?>
<testsuite name="Comprar un producto" tests="1" skipped="0" failures="1" errors="0" timestamp="2023-03-30T21:37:57" hostname="DESKTOP-1MH7BUO" time="32.667">
  <properties/>
  <testcase name="compra de un producto de menor valor" classname="Comprar un producto" time="32.667">
    <failure message="org.openqa.selenium.ElementClickInterceptedException: element click intercepted: Element &lt;span class=&quot;exito-vtex-components-4-x-currencyContainer&quot;&gt;...&lt;/span&gt; is not clickable at point (456, 11). Other element would receive the click: &lt;div class=&quot;vtex-flex-layout-0-x-flexRow vtex-flex-layout-0-x-flexRow--header-row-layout vtex-flex-layout-0-x-flexRow--header-content&quot;&gt;...&lt;/div&gt;&#10;  (Session info: chrome=111.0.5563.147)&#10;Build info: version: '3.141.59', revision: 'e82be7d358', time: '2018-11-14T08:17:03'&#10;System info: host: 'DESKTOP-1MH7BUO', ip: '192.168.0.4', os.name: 'Windows 10', os.arch: 'amd64', os.version: '10.0', java.version: '11.0.18'&#10;Driver info: org.openqa.selenium.chrome.ChromeDriver&#10;Capabilities {acceptInsecureCerts: false, browserName: chrome, browserVersion: 111.0.5563.147, chrome: {chromedriverVersion: 111.0.5563.64 (c710e93d5b63..., userDataDir: C:\Users\Rasta\AppData\Loca...}, goog:chromeOptions: {debuggerAddress: localhost:52782}, javascriptEnabled: true, networkConnectionEnabled: false, pageLoadStrategy: normal, platform: WINDOWS, platformName: WINDOWS, proxy: Proxy(), setWindowRect: true, strictFileInteractability: false, timeouts: {implicit: 0, pageLoad: 300000, script: 30000}, unhandledPromptBehavior: ignore, webauthn:extension:credBlob: true, webauthn:extension:largeBlob: true, webauthn:extension:minPinLength: true, webauthn:extension:prf: true, webauthn:virtualAuthenticators: true}&#10;Session ID: cf7c7f03223e9d64becda1f35bcefb1a" type="org.openqa.selenium.ElementClickInterceptedException">org.openqa.selenium.ElementClickInterceptedException: element click intercepted: Element &lt;span class=&quot;exito-vtex-components-4-x-currencyContainer&quot;&gt;...&lt;/span&gt; is not clickable at point (456, 11). Other element would receive the click: &lt;div class=&quot;vtex-flex-layout-0-x-flexRow vtex-flex-layout-0-x-flexRow--header-row-layout vtex-flex-layout-0-x-flexRow--header-content&quot;&gt;...&lt;/div&gt;
  (Session info: chrome=111.0.5563.147)
Build info: version: '3.141.59', revision: 'e82be7d358', time: '2018-11-14T08:17:03'
System info: host: 'DESKTOP-1MH7BUO', ip: '192.168.0.4', os.name: 'Windows 10', os.arch: 'amd64', os.version: '10.0', java.version: '11.0.18'
Driver info: org.openqa.selenium.chrome.ChromeDriver
Capabilities {acceptInsecureCerts: false, browserName: chrome, browserVersion: 111.0.5563.147, chrome: {chromedriverVersion: 111.0.5563.64 (c710e93d5b63..., userDataDir: C:\Users\Rasta\AppData\Loca...}, goog:chromeOptions: {debuggerAddress: localhost:52782}, javascriptEnabled: true, networkConnectionEnabled: false, pageLoadStrategy: normal, platform: WINDOWS, platformName: WINDOWS, proxy: Proxy(), setWindowRect: true, strictFileInteractability: false, timeouts: {implicit: 0, pageLoad: 300000, script: 30000}, unhandledPromptBehavior: ignore, webauthn:extension:credBlob: true, webauthn:extension:largeBlob: true, webauthn:extension:minPinLength: true, webauthn:extension:prf: true, webauthn:virtualAuthenticators: true}
Session ID: cf7c7f03223e9d64becda1f35bcefb1a
	at java.base@11.0.18/jdk.internal.reflect.NativeConstructorAccessorImpl.newInstance0(Native Method)
	at java.base@11.0.18/jdk.internal.reflect.NativeConstructorAccessorImpl.newInstance(NativeConstructorAccessorImpl.java:62)
	at java.base@11.0.18/jdk.internal.reflect.DelegatingConstructorAccessorImpl.newInstance(DelegatingConstructorAccessorImpl.java:45)
	at java.base@11.0.18/java.lang.reflect.Constructor.newInstance(Constructor.java:490)
	at app//org.openqa.selenium.remote.http.W3CHttpResponseCodec.createException(W3CHttpResponseCodec.java:187)
	at app//org.openqa.selenium.remote.http.W3CHttpResponseCodec.decode(W3CHttpResponseCodec.java:122)
	at app//org.openqa.selenium.remote.http.W3CHttpResponseCodec.decode(W3CHttpResponseCodec.java:49)
	at app//org.openqa.selenium.remote.HttpCommandExecutor.execute(HttpCommandExecutor.java:158)
	at app//org.openqa.selenium.remote.service.DriverCommandExecutor.execute(DriverCommandExecutor.java:83)
	at app//org.openqa.selenium.remote.RemoteWebDriver.execute(RemoteWebDriver.java:552)
	at app//org.openqa.selenium.remote.RemoteWebElement.execute(RemoteWebElement.java:285)
	at app//org.openqa.selenium.remote.RemoteWebElement.click(RemoteWebElement.java:84)
	at app//net.serenitybdd.core.pages.WebElementFacadeImpl.click(WebElementFacadeImpl.java:1230)
	at app//net.serenitybdd.screenplay.actions.ClickOnTarget.performAs(ClickOnTarget.java:13)
	at app//net.serenitybdd.screenplay.actions.ClickOnTarget$ByteBuddy$SEnD7V9W.performAs$accessor$QLcKailc(Unknown Source)
	at java.base@11.0.18/jdk.internal.reflect.NativeMethodAccessorImpl.invoke0(Native Method)
	at java.base@11.0.18/jdk.internal.reflect.NativeMethodAccessorImpl.invoke(NativeMethodAccessorImpl.java:62)
	at java.base@11.0.18/jdk.internal.reflect.DelegatingMethodAccessorImpl.invoke(DelegatingMethodAccessorImpl.java:43)
	at java.base@11.0.18/java.lang.reflect.Method.invoke(Method.java:566)
	at app//net.thucydides.core.steps.StepInterceptor.invokeMethod(StepInterceptor.java:488)
	at app//net.thucydides.core.steps.StepInterceptor.executeTestStepMethod(StepInterceptor.java:468)
	at app//net.thucydides.core.steps.StepInterceptor.runTestStep(StepInterceptor.java:441)
	at app//net.thucydides.core.steps.StepInterceptor.runOrSkipMethod(StepInterceptor.java:197)
	at app//net.thucydides.core.steps.StepInterceptor.testStepResult(StepInterceptor.java:184)
	at app//net.thucydides.core.steps.StepInterceptor.intercept(StepInterceptor.java:77)
	at app//net.thucydides.core.steps.ProxyConfiguration$InterceptorDispatcher.intercept(ProxyConfiguration.java:51)
	at app//net.serenitybdd.screenplay.actions.ClickOnTarget$ByteBuddy$SEnD7V9W.performAs(Unknown Source)
	at app//net.serenitybdd.screenplay.Actor.performTask(Actor.java:248)
	at app//net.serenitybdd.screenplay.Actor.perform(Actor.java:229)
	at app//net.serenitybdd.screenplay.Actor.attemptsTo(Actor.java:175)
	at app//com.sofkau.tasks.SeleccionarProducto.performAs(SeleccionarProducto.java:76)
	at app//com.sofkau.tasks.SeleccionarProducto$ByteBuddy$CyK2IRbs.performAs$accessor$fxgoLD7h(Unknown Source)
	at java.base@11.0.18/jdk.internal.reflect.NativeMethodAccessorImpl.invoke0(Native Method)
	at java.base@11.0.18/jdk.internal.reflect.NativeMethodAccessorImpl.invoke(NativeMethodAccessorImpl.java:62)
	at java.base@11.0.18/jdk.internal.reflect.DelegatingMethodAccessorImpl.invoke(DelegatingMethodAccessorImpl.java:43)
	at java.base@11.0.18/java.lang.reflect.Method.invoke(Method.java:566)
	at app//net.thucydides.core.steps.StepInterceptor.invokeMethod(StepInterceptor.java:488)
	at app//net.thucydides.core.steps.StepInterceptor.executeTestStepMethod(StepInterceptor.java:468)
	at app//net.thucydides.core.steps.StepInterceptor.runTestStep(StepInterceptor.java:441)
	at app//net.thucydides.core.steps.StepInterceptor.runOrSkipMethod(StepInterceptor.java:197)
	at app//net.thucydides.core.steps.StepInterceptor.testStepResult(StepInterceptor.java:184)
	at app//net.thucydides.core.steps.StepInterceptor.intercept(StepInterceptor.java:77)
	at app//net.thucydides.core.steps.ProxyConfiguration$InterceptorDispatcher.intercept(ProxyConfiguration.java:51)
	at app//com.sofkau.tasks.SeleccionarProducto$ByteBuddy$CyK2IRbs.performAs(Unknown Source)
	at app//net.serenitybdd.screenplay.Actor.performTask(Actor.java:248)
	at app//net.serenitybdd.screenplay.Actor.perform(Actor.java:229)
	at app//net.serenitybdd.screenplay.Actor.attemptsTo(Actor.java:175)
	at app//com.sofkau.stepdefinitions.ProductoStepDefinition.navegaHastaSeleccionarUnaYUnDeMenorCosto(ProductoStepDefinition.java:37)
	at âœ½.navega hasta seleccionar una &quot;mercado&quot; y un &quot;lechuga&quot; de menor costo(file:///C:/Users/Rasta/Desktop/RetoScreeplay/RetoScreenPlayExito/src/test/resources/features/productoexito.feature:9)
</failure>
  </testcase>
  <system-out><![CDATA[[log] CLICK on L[561,190]@S(0) (576 msec)
[log]  TYPE "atun"
[log] CLICK on L[1215,187]@S(0) (563 msec)
[log] CLICK on L[1297,437]@S(0) (570 msec)
[log] CLICK on L[413,83]@S(0) (564 msec)
6.82
body > div:nth-child(2) > div:nth-child(1) > div:nth-child(1) > div:nth-child(1) > div:nth-child(3) > div:nth-child(1) > div:nth-child(8) > 
section:nth-child(1) > div:nth-child(2) > div:nth-child(1) > div:nth-child(4) > div:nth-child(1) > div:nth-child(2) > div:nth-child(1) > 
div:nth-child(1) > div:nth-child(6) > div:nth-child(1) > div:nth-child(1) > div:nth-child(2) > div:nth-child(2) > section:nth-child(1) > 
a:nth-child(1) > article:nth-child(1) > div:nth-child(3) > div:nth-child(2) > div:nth-child(1) > div:nth-child(1) > div:nth-child(1) > 
div:nth-child(1) > div:nth-child(1) > div:nth-child(1) > div:nth-child(4) > div:nth-child(3) > div:nth-child(1) > span:nth-child(1)
5.58
body > div:nth-child(2) > div:nth-child(1) > div:nth-child(1) > div:nth-child(1) > div:nth-child(3) > div:nth-child(1) > div:nth-child(8) > 
section:nth-child(1) > div:nth-child(2) > div:nth-child(1) > div:nth-child(4) > div:nth-child(1) > div:nth-child(2) > div:nth-child(1) > 
div:nth-child(1) > div:nth-child(6) > div:nth-child(1) > div:nth-child(1) > div:nth-child(2) > div:nth-child(3) > section:nth-child(1) > 
a:nth-child(1) > article:nth-child(1) > div:nth-child(3) > div:nth-child(2) > div:nth-child(1) > div:nth-child(1) > div:nth-child(1) > 
div:nth-child(1) > div:nth-child(1) > div:nth-child(1) > div:nth-child(4) > div:nth-child(3) > div:nth-child(1) > span:nth-child(1)
14.8
body > div:nth-child(2) > div:nth-child(1) > div:nth-child(1) > div:nth-child(1) > div:nth-child(3) > div:nth-child(1) > div:nth-child(8) > 
section:nth-child(1) > div:nth-child(2) > div:nth-child(1) > div:nth-child(4) > div:nth-child(1) > div:nth-child(2) > div:nth-child(1) > 
div:nth-child(1) > div:nth-child(6) > div:nth-child(1) > div:nth-child(1) > div:nth-child(2) > div:nth-child(4) > section:nth-child(1) > 
a:nth-child(1) > article:nth-child(1) > div:nth-child(3) > div:nth-child(2) > div:nth-child(1) > div:nth-child(1) > div:nth-child(1) > 
div:nth-child(1) > div:nth-child(1) > div:nth-child(1) > div:nth-child(4) > div:nth-child(3) > div:nth-child(1) > span:nth-child(1)
6.55
body > div:nth-child(2) > div:nth-child(1) > div:nth-child(1) > div:nth-child(1) > div:nth-child(3) > div:nth-child(1) > div:nth-child(8) > 
section:nth-child(1) > div:nth-child(2) > div:nth-child(1) > div:nth-child(4) > div:nth-child(1) > div:nth-child(2) > div:nth-child(1) > 
div:nth-child(1) > div:nth-child(6) > div:nth-child(1) > div:nth-child(1) > div:nth-child(2) > div:nth-child(5) > section:nth-child(1) > 
a:nth-child(1) > article:nth-child(1) > div:nth-child(3) > div:nth-child(2) > div:nth-child(1) > div:nth-child(1) > div:nth-child(1) > 
div:nth-child(1) > div:nth-child(1) > div:nth-child(1) > div:nth-child(4) > div:nth-child(3) > div:nth-child(1) > span:nth-child(1)
12.35
body > div:nth-child(2) > div:nth-child(1) > div:nth-child(1) > div:nth-child(1) > div:nth-child(3) > div:nth-child(1) > div:nth-child(8) > 
section:nth-child(1) > div:nth-child(2) > div:nth-child(1) > div:nth-child(4) > div:nth-child(1) > div:nth-child(2) > div:nth-child(1) > 
div:nth-child(1) > div:nth-child(6) > div:nth-child(1) > div:nth-child(1) > div:nth-child(2) > div:nth-child(6) > section:nth-child(1) > 
a:nth-child(1) > article:nth-child(1) > div:nth-child(3) > div:nth-child(2) > div:nth-child(1) > div:nth-child(1) > div:nth-child(1) > 
div:nth-child(1) > div:nth-child(1) > div:nth-child(1) > div:nth-child(4) > div:nth-child(3) > div:nth-child(1) > span:nth-child(1)
5.86
body > div:nth-child(2) > div:nth-child(1) > div:nth-child(1) > div:nth-child(1) > div:nth-child(3) > div:nth-child(1) > div:nth-child(8) > 
section:nth-child(1) > div:nth-child(2) > div:nth-child(1) > div:nth-child(4) > div:nth-child(1) > div:nth-child(2) > div:nth-child(1) > 
div:nth-child(1) > div:nth-child(6) > div:nth-child(1) > div:nth-child(1) > div:nth-child(2) > div:nth-child(7) > section:nth-child(1) > 
a:nth-child(1) > article:nth-child(1) > div:nth-child(3) > div:nth-child(2) > div:nth-child(1) > div:nth-child(1) > div:nth-child(1) > 
div:nth-child(1) > div:nth-child(1) > div:nth-child(1) > div:nth-child(4) > div:nth-child(3) > div:nth-child(1) > span:nth-child(1)
5.58
body > div:nth-child(2) > div:nth-child(1) > div:nth-child(1) > div:nth-child(1) > div:nth-child(3) > div:nth-child(1) > div:nth-child(8) > 
section:nth-child(1) > div:nth-child(2) > div:nth-child(1) > div:nth-child(4) > div:nth-child(1) > div:nth-child(2) > div:nth-child(1) > 
div:nth-child(1) > div:nth-child(6) > div:nth-child(1) > div:nth-child(1) > div:nth-child(2) > div:nth-child(8) > section:nth-child(1) > 
a:nth-child(1) > article:nth-child(1) > div:nth-child(3) > div:nth-child(2) > div:nth-child(1) > div:nth-child(1) > div:nth-child(1) > 
div:nth-child(1) > div:nth-child(1) > div:nth-child(1) > div:nth-child(4) > div:nth-child(3) > div:nth-child(1) > span:nth-child(1)
5.29
body > div:nth-child(2) > div:nth-child(1) > div:nth-child(1) > div:nth-child(1) > div:nth-child(3) > div:nth-child(1) > div:nth-child(8) > 
section:nth-child(1) > div:nth-child(2) > div:nth-child(1) > div:nth-child(4) > div:nth-child(1) > div:nth-child(2) > div:nth-child(1) > 
div:nth-child(1) > div:nth-child(6) > div:nth-child(1) > div:nth-child(1) > div:nth-child(2) > div:nth-child(9) > section:nth-child(1) > 
a:nth-child(1) > article:nth-child(1) > div:nth-child(3) > div:nth-child(2) > div:nth-child(1) > div:nth-child(1) > div:nth-child(1) > 
div:nth-child(1) > div:nth-child(1) > div:nth-child(1) > div:nth-child(4) > div:nth-child(3) > div:nth-child(1) > span:nth-child(1)
15.3
body > div:nth-child(2) > div:nth-child(1) > div:nth-child(1) > div:nth-child(1) > div:nth-child(3) > div:nth-child(1) > div:nth-child(8) > 
section:nth-child(1) > div:nth-child(2) > div:nth-child(1) > div:nth-child(4) > div:nth-child(1) > div:nth-child(2) > div:nth-child(1) > 
div:nth-child(1) > div:nth-child(6) > div:nth-child(1) > div:nth-child(1) > div:nth-child(2) > div:nth-child(10) > section:nth-child(1) > 
a:nth-child(1) > article:nth-child(1) > div:nth-child(3) > div:nth-child(2) > div:nth-child(1) > div:nth-child(1) > div:nth-child(1) > 
div:nth-child(1) > div:nth-child(1) > div:nth-child(1) > div:nth-child(4) > div:nth-child(3) > div:nth-child(1) > span:nth-child(1)
body > div:nth-child(2) > div:nth-child(1) > div:nth-child(1) > div:nth-child(1) > div:nth-child(3) > div:nth-child(1) > div:nth-child(8) > 
section:nth-child(1) > div:nth-child(2) > div:nth-child(1) > div:nth-child(4) > div:nth-child(1) > div:nth-child(2) > div:nth-child(1) > 
div:nth-child(1) > div:nth-child(6) > div:nth-child(1) > div:nth-child(1) > div:nth-child(2) > div:nth-child(9) > section:nth-child(1) > 
a:nth-child(1) > article:nth-child(1) > div:nth-child(3) > div:nth-child(2) > div:nth-child(1) > div:nth-child(1) > div:nth-child(1) > 
div:nth-child(1) > div:nth-child(1) > div:nth-child(1) > div:nth-child(4) > div:nth-child(3) > div:nth-child(1) > span:nth-child(1)
]]></system-out>
  <system-err><![CDATA[Starting ChromeDriver 111.0.5563.64 (c710e93d5b63b7095afe8c2c17df34408078439d-refs/branch-heads/5563@{#995}) on port 19625
Only local connections are allowed.
Please see https://chromedriver.chromium.org/security-considerations for suggestions on keeping ChromeDriver safe.
ChromeDriver was started successfully.
mar. 30, 2023 4:37:58 P. M. org.openqa.selenium.remote.ProtocolHandshake createSession
INFORMACIÃ“N: Detected dialect: W3C
mar. 30, 2023 4:37:58 P. M. org.openqa.selenium.remote.DesiredCapabilities chrome
INFORMACIÃ“N: Using `new ChromeOptions()` is preferred to `DesiredCapabilities.chrome()`
Starting ChromeDriver 111.0.5563.64 (c710e93d5b63b7095afe8c2c17df34408078439d-refs/branch-heads/5563@{#995}) on port 34411
Only local connections are allowed.
Please see https://chromedriver.chromium.org/security-considerations for suggestions on keeping ChromeDriver safe.
ChromeDriver was started successfully.
mar. 30, 2023 4:37:59 P. M. org.openqa.selenium.remote.ProtocolHandshake createSession
INFORMACIÃ“N: Detected dialect: W3C
]]></system-err>
</testsuite>
