<?xml version="1.0" encoding="UTF-8"?>
<testsuite name="Comprar un producto" tests="1" skipped="0" failures="0" errors="0" timestamp="2023-03-30T22:02:55" hostname="DESKTOP-1MH7BUO" time="46.178">
  <properties/>
  <testcase name="compra de un producto de menor valor" classname="Comprar un producto" time="46.178"/>
  <system-out><![CDATA[[log] CLICK on L[561,190]@S(0) (576 msec)
[log]  TYPE "atun"
[log] CLICK on L[1215,187]@S(0) (564 msec)
[log] CLICK on L[413,83]@S(0) (553 msec)
[log] CLICK on L[1297,437]@S(0) (570 msec)
[log] CLICK on L[577,438]@S(0) (554 msec)
]]></system-out>
  <system-err><![CDATA[Starting ChromeDriver 111.0.5563.64 (c710e93d5b63b7095afe8c2c17df34408078439d-refs/branch-heads/5563@{#995}) on port 28619
Only local connections are allowed.
Please see https://chromedriver.chromium.org/security-considerations for suggestions on keeping ChromeDriver safe.
ChromeDriver was started successfully.
mar. 30, 2023 5:02:56 P. M. org.openqa.selenium.remote.ProtocolHandshake createSession
INFORMACIÓN: Detected dialect: W3C
mar. 30, 2023 5:02:56 P. M. org.openqa.selenium.remote.DesiredCapabilities chrome
INFORMACIÓN: Using `new ChromeOptions()` is preferred to `DesiredCapabilities.chrome()`
Starting ChromeDriver 111.0.5563.64 (c710e93d5b63b7095afe8c2c17df34408078439d-refs/branch-heads/5563@{#995}) on port 31594
Only local connections are allowed.
Please see https://chromedriver.chromium.org/security-considerations for suggestions on keeping ChromeDriver safe.
ChromeDriver was started successfully.
mar. 30, 2023 5:02:58 P. M. org.openqa.selenium.remote.ProtocolHandshake createSession
INFORMACIÓN: Detected dialect: W3C
]]></system-err>
</testsuite>
